<?xml version="1.0" encoding="UTF-8"?><TestSessionContainer xmlns="http://www.codecover.org/xml/testsession-container" Date="1656258639254" TestSessionContainerId="96418e5d-8256-4230-855a-77d9f48a9b29" version="1.0">
<SrcFileList>
<SrcFile Content="&#13;&#10;public class Magazzino {&#13;&#10;&#13;&#10;transient public int prodotti[];&#13;&#10;&#9;&#13;&#10;&#9;public Magazzino() {&#13;&#10;&#9;&#9;prodotti = new int[5]; //5 prodotti&#13;&#10;&#9;&#9;assert prodotti.length==5;&#13;&#10;&#9;}&#13;&#10;&#9;&#13;&#10;&#9;public boolean insert(int productIndex, int addQuantity) {&#13;&#10;&#9;&#9;if(!(productIndex&gt;=0 &amp;&amp; productIndex&lt;prodotti.length)) return false;&#13;&#10;&#9;&#9;&#13;&#10;&#9;&#9;if(!(addQuantity&gt;=1 &amp;&amp; addQuantity&lt;=10)) return false;&#13;&#10;&#9;&#9;&#13;&#10;&#9;&#9;if(prodotti[productIndex]+addQuantity &gt; 100) return false;&#13;&#10;&#9;&#9;&#13;&#10;&#9;&#9;else {&#13;&#10;&#9;&#9;&#9;prodotti[productIndex]+=addQuantity;&#13;&#10;&#9;&#9;&#9;assert prodotti[productIndex]+addQuantity &lt;= 100;&#13;&#10;&#9;&#9;&#9;return true;&#13;&#10;&#9;&#9;}&#13;&#10;&#9;}&#13;&#10;&#9;&#13;&#10;&#9;public boolean isFull(final int productIndex) {&#13;&#10;&#9;&#9;if(prodotti[productIndex] == 100) return true;&#13;&#10;&#9;&#9;else return false;&#13;&#10;&#9;}&#13;&#10;&#9;&#13;&#10;&#9;public boolean isFull() {&#13;&#10;&#9;&#9;for(int p : prodotti) {&#13;&#10;&#9;&#9;&#9;if(p &lt; 100) return false;&#13;&#10;&#9;&#9;}&#13;&#10;&#9;&#9;return true;&#13;&#10;&#9;}&#13;&#10;}&#13;&#10;" Filename="Magazzino.java" Intrnl_Id="1"/>
</SrcFileList>
<CritList>
<CritListEntry Name="org.codecover.model.utils.criteria.LoopCoverage" PluginName="org.codecover"/>
<CritListEntry Name="org.codecover.model.utils.criteria.ConditionCoverage" PluginName="org.codecover"/>
<CritListEntry Name="org.codecover.model.utils.criteria.BranchCoverage" PluginName="org.codecover"/>
<CritListEntry Name="org.codecover.model.utils.criteria.StatementCoverage" PluginName="org.codecover"/>
</CritList>
<BoolOpList>
<BoolOp Arity="2" Intrnl_Id="2" Name="conditional and (&amp;&amp;)">
<BoolAssgnmntBoolMapList>
<MapEntry BoolAssgnmnt="02" Value="false"/>
<MapEntry BoolAssgnmnt="10" Value="false"/>
<MapEntry BoolAssgnmnt="11" Value="true"/>
</BoolAssgnmntBoolMapList>
</BoolOp>
<BoolOp Arity="1" Intrnl_Id="3" Name="not (!)">
<BoolAssgnmntBoolMapList>
<MapEntry BoolAssgnmnt="1" Value="false"/>
<MapEntry BoolAssgnmnt="0" Value="true"/>
</BoolAssgnmntBoolMapList>
</BoolOp>
</BoolOpList>
<HierarchyLvlTypeList>
<HierarchyLvlType EnglishName="method" IntrnlName="method" Intrnl_Id="4"/>
<HierarchyLvlType EnglishName="class" IntrnlName="class" Intrnl_Id="5"/>
<HierarchyLvlType EnglishName="default package" IntrnlName="default package" Intrnl_Id="6"/>
</HierarchyLvlTypeList>
<MASTRoot>
<HierarchyLvl HierarchyLvlId="24" HierarchyLvlTypeId="6" Intrnl_Id="7" Name="default package">
<Header/>
<LocList/>
<HierarchyLvl HierarchyLvlId="23" HierarchyLvlTypeId="5" Intrnl_Id="8" Name="Magazzino">
<Header>
<Loc EndOffset="24" SrcFileId="1" StartOffset="2"/>
</Header>
<LocList>
<Loc EndOffset="805" SrcFileId="1" StartOffset="2"/>
</LocList>
<HierarchyLvl HierarchyLvlId="19" HierarchyLvlTypeId="4" Intrnl_Id="9" Name="Magazzino">
<Header>
<Loc EndOffset="86" SrcFileId="1" StartOffset="68"/>
</Header>
<LocList>
<Loc EndOffset="161" SrcFileId="1" StartOffset="68"/>
</LocList>
<StmntSeq Intrnl_Id="10">
<LocList>
<Loc EndOffset="114" SrcFileId="1" StartOffset="92"/>
</LocList>
<BasicStmnt CovItemId="S1" CovItemPrefix="Magazzino.java" Intrnl_Id="11">
<LocList>
<Loc EndOffset="114" SrcFileId="1" StartOffset="92"/>
</LocList>
</BasicStmnt>
</StmntSeq>
</HierarchyLvl>
<HierarchyLvl HierarchyLvlId="20" HierarchyLvlTypeId="4" Intrnl_Id="12" Name="insert">
<Header>
<Loc EndOffset="223" SrcFileId="1" StartOffset="167"/>
</Header>
<LocList>
<Loc EndOffset="560" SrcFileId="1" StartOffset="167"/>
</LocList>
<StmntSeq Intrnl_Id="13">
<LocList>
<Loc EndOffset="297" SrcFileId="1" StartOffset="229"/>
<Loc EndOffset="359" SrcFileId="1" StartOffset="305"/>
<Loc EndOffset="556" SrcFileId="1" StartOffset="367"/>
</LocList>
<CondStmnt CovItemId="S2" CovItemPrefix="Magazzino.java" Intrnl_Id="14">
<Branch CovItemId="B1" CovItemPrefix="Magazzino.java" Implct="false" Intrnl_Id="15">
<Cond/>
<LocList>
<Loc EndOffset="297" SrcFileId="1" StartOffset="284"/>
</LocList>
<StmntSeq Intrnl_Id="16">
<LocList>
<Loc EndOffset="297" SrcFileId="1" StartOffset="284"/>
</LocList>
<BasicStmnt CovItemId="S3" CovItemPrefix="Magazzino.java" Intrnl_Id="17">
<LocList>
<Loc EndOffset="297" SrcFileId="1" StartOffset="284"/>
</LocList>
</BasicStmnt>
</StmntSeq>
</Branch>
<Branch CovItemId="B2" CovItemPrefix="Magazzino.java" Implct="true" Intrnl_Id="18">
<Cond/>
<LocList/>
<StmntSeq Intrnl_Id="19">
<LocList/>
</StmntSeq>
</Branch>
<Keyword EndOffset="231" SrcFileId="1" StartOffset="229"/>
<LocList>
<Loc EndOffset="297" SrcFileId="1" StartOffset="229"/>
</LocList>
<RootTerm CovItemId="C1" CovItemPrefix="Magazzino.java" Intrnl_Id="20">
<OpTerm BooleanOpId="3" Intrnl_Id="21">
<OpTerm BooleanOpId="2" Intrnl_Id="22">
<BasicBoolTerm Intrnl_Id="23">
<LocList>
<Loc EndOffset="249" SrcFileId="1" StartOffset="234"/>
</LocList>
</BasicBoolTerm>
<BasicBoolTerm Intrnl_Id="24">
<LocList>
<Loc EndOffset="281" SrcFileId="1" StartOffset="253"/>
</LocList>
</BasicBoolTerm>
<LocList>
<Loc EndOffset="252" SrcFileId="1" StartOffset="250"/>
</LocList>
</OpTerm>
<LocList>
<Loc EndOffset="233" SrcFileId="1" StartOffset="232"/>
</LocList>
</OpTerm>
</RootTerm>
</CondStmnt>
<CondStmnt CovItemId="S4" CovItemPrefix="Magazzino.java" Intrnl_Id="25">
<Branch CovItemId="B3" CovItemPrefix="Magazzino.java" Implct="false" Intrnl_Id="26">
<Cond/>
<LocList>
<Loc EndOffset="359" SrcFileId="1" StartOffset="346"/>
</LocList>
<StmntSeq Intrnl_Id="27">
<LocList>
<Loc EndOffset="359" SrcFileId="1" StartOffset="346"/>
</LocList>
<BasicStmnt CovItemId="S5" CovItemPrefix="Magazzino.java" Intrnl_Id="28">
<LocList>
<Loc EndOffset="359" SrcFileId="1" StartOffset="346"/>
</LocList>
</BasicStmnt>
</StmntSeq>
</Branch>
<Branch CovItemId="B4" CovItemPrefix="Magazzino.java" Implct="true" Intrnl_Id="29">
<Cond/>
<LocList/>
<StmntSeq Intrnl_Id="30">
<LocList/>
</StmntSeq>
</Branch>
<Keyword EndOffset="307" SrcFileId="1" StartOffset="305"/>
<LocList>
<Loc EndOffset="359" SrcFileId="1" StartOffset="305"/>
</LocList>
<RootTerm CovItemId="C2" CovItemPrefix="Magazzino.java" Intrnl_Id="31">
<OpTerm BooleanOpId="3" Intrnl_Id="32">
<OpTerm BooleanOpId="2" Intrnl_Id="33">
<BasicBoolTerm Intrnl_Id="34">
<LocList>
<Loc EndOffset="324" SrcFileId="1" StartOffset="310"/>
</LocList>
</BasicBoolTerm>
<BasicBoolTerm Intrnl_Id="35">
<LocList>
<Loc EndOffset="343" SrcFileId="1" StartOffset="328"/>
</LocList>
</BasicBoolTerm>
<LocList>
<Loc EndOffset="327" SrcFileId="1" StartOffset="325"/>
</LocList>
</OpTerm>
<LocList>
<Loc EndOffset="309" SrcFileId="1" StartOffset="308"/>
</LocList>
</OpTerm>
</RootTerm>
</CondStmnt>
<CondStmnt CovItemId="S6" CovItemPrefix="Magazzino.java" Intrnl_Id="36">
<Branch CovItemId="B5" CovItemPrefix="Magazzino.java" Implct="false" Intrnl_Id="37">
<Cond/>
<LocList>
<Loc EndOffset="425" SrcFileId="1" StartOffset="412"/>
</LocList>
<StmntSeq Intrnl_Id="38">
<LocList>
<Loc EndOffset="425" SrcFileId="1" StartOffset="412"/>
</LocList>
<BasicStmnt CovItemId="S7" CovItemPrefix="Magazzino.java" Intrnl_Id="39">
<LocList>
<Loc EndOffset="425" SrcFileId="1" StartOffset="412"/>
</LocList>
</BasicStmnt>
</StmntSeq>
</Branch>
<Branch CovItemId="B6" CovItemPrefix="Magazzino.java" Implct="false" Intrnl_Id="40">
<Cond>
<Loc EndOffset="437" SrcFileId="1" StartOffset="433"/>
</Cond>
<LocList>
<Loc EndOffset="556" SrcFileId="1" StartOffset="438"/>
</LocList>
<StmntSeq Intrnl_Id="41">
<LocList>
<Loc EndOffset="480" SrcFileId="1" StartOffset="444"/>
<Loc EndOffset="551" SrcFileId="1" StartOffset="539"/>
</LocList>
<BasicStmnt CovItemId="S8" CovItemPrefix="Magazzino.java" Intrnl_Id="42">
<LocList>
<Loc EndOffset="480" SrcFileId="1" StartOffset="444"/>
</LocList>
</BasicStmnt>
<BasicStmnt CovItemId="S9" CovItemPrefix="Magazzino.java" Intrnl_Id="43">
<LocList>
<Loc EndOffset="551" SrcFileId="1" StartOffset="539"/>
</LocList>
</BasicStmnt>
</StmntSeq>
</Branch>
<Keyword EndOffset="369" SrcFileId="1" StartOffset="367"/>
<LocList>
<Loc EndOffset="556" SrcFileId="1" StartOffset="367"/>
</LocList>
<RootTerm CovItemId="C3" CovItemPrefix="Magazzino.java" Intrnl_Id="44">
<BasicBoolTerm Intrnl_Id="45">
<LocList>
<Loc EndOffset="410" SrcFileId="1" StartOffset="370"/>
</LocList>
</BasicBoolTerm>
</RootTerm>
</CondStmnt>
</StmntSeq>
</HierarchyLvl>
<HierarchyLvl HierarchyLvlId="21" HierarchyLvlTypeId="4" Intrnl_Id="46" Name="isFull">
<Header>
<Loc EndOffset="611" SrcFileId="1" StartOffset="566"/>
</Header>
<LocList>
<Loc EndOffset="689" SrcFileId="1" StartOffset="566"/>
</LocList>
<StmntSeq Intrnl_Id="47">
<LocList>
<Loc EndOffset="685" SrcFileId="1" StartOffset="617"/>
</LocList>
<CondStmnt CovItemId="S10" CovItemPrefix="Magazzino.java" Intrnl_Id="48">
<Branch CovItemId="B7" CovItemPrefix="Magazzino.java" Implct="false" Intrnl_Id="49">
<Cond/>
<LocList>
<Loc EndOffset="663" SrcFileId="1" StartOffset="651"/>
</LocList>
<StmntSeq Intrnl_Id="50">
<LocList>
<Loc EndOffset="663" SrcFileId="1" StartOffset="651"/>
</LocList>
<BasicStmnt CovItemId="S11" CovItemPrefix="Magazzino.java" Intrnl_Id="51">
<LocList>
<Loc EndOffset="663" SrcFileId="1" StartOffset="651"/>
</LocList>
</BasicStmnt>
</StmntSeq>
</Branch>
<Branch CovItemId="B8" CovItemPrefix="Magazzino.java" Implct="false" Intrnl_Id="52">
<Cond>
<Loc EndOffset="671" SrcFileId="1" StartOffset="667"/>
</Cond>
<LocList>
<Loc EndOffset="685" SrcFileId="1" StartOffset="672"/>
</LocList>
<StmntSeq Intrnl_Id="53">
<LocList>
<Loc EndOffset="685" SrcFileId="1" StartOffset="672"/>
</LocList>
<BasicStmnt CovItemId="S12" CovItemPrefix="Magazzino.java" Intrnl_Id="54">
<LocList>
<Loc EndOffset="685" SrcFileId="1" StartOffset="672"/>
</LocList>
</BasicStmnt>
</StmntSeq>
</Branch>
<Keyword EndOffset="619" SrcFileId="1" StartOffset="617"/>
<LocList>
<Loc EndOffset="685" SrcFileId="1" StartOffset="617"/>
</LocList>
<RootTerm CovItemId="C4" CovItemPrefix="Magazzino.java" Intrnl_Id="55">
<BasicBoolTerm Intrnl_Id="56">
<LocList>
<Loc EndOffset="649" SrcFileId="1" StartOffset="620"/>
</LocList>
</BasicBoolTerm>
</RootTerm>
</CondStmnt>
</StmntSeq>
</HierarchyLvl>
<HierarchyLvl HierarchyLvlId="22" HierarchyLvlTypeId="4" Intrnl_Id="57" Name="isFull">
<Header>
<Loc EndOffset="718" SrcFileId="1" StartOffset="695"/>
</Header>
<LocList>
<Loc EndOffset="802" SrcFileId="1" StartOffset="695"/>
</LocList>
<StmntSeq Intrnl_Id="58">
<LocList>
<Loc EndOffset="782" SrcFileId="1" StartOffset="724"/>
<Loc EndOffset="798" SrcFileId="1" StartOffset="786"/>
</LocList>
<LoopStmnt CovItemId="S13" CovItemPrefix="Magazzino.java" Intrnl_Id="59" MltplExecId="L1-2" MltplExecPrefix="Magazzino.java" NvrExecId="L1-0" NvrExecPrefix="Magazzino.java" OnceExecutedId="L1-1" OnceExecutedPrefix="Magazzino.java" OptBodyExec="true">
<StmntSeq Intrnl_Id="60">
<LocList>
<Loc EndOffset="777" SrcFileId="1" StartOffset="752"/>
</LocList>
<CondStmnt CovItemId="S14" CovItemPrefix="Magazzino.java" Intrnl_Id="61">
<Branch CovItemId="B9" CovItemPrefix="Magazzino.java" Implct="false" Intrnl_Id="62">
<Cond/>
<LocList>
<Loc EndOffset="777" SrcFileId="1" StartOffset="764"/>
</LocList>
<StmntSeq Intrnl_Id="63">
<LocList>
<Loc EndOffset="777" SrcFileId="1" StartOffset="764"/>
</LocList>
<BasicStmnt CovItemId="S15" CovItemPrefix="Magazzino.java" Intrnl_Id="64">
<LocList>
<Loc EndOffset="777" SrcFileId="1" StartOffset="764"/>
</LocList>
</BasicStmnt>
</StmntSeq>
</Branch>
<Branch CovItemId="B10" CovItemPrefix="Magazzino.java" Implct="true" Intrnl_Id="65">
<Cond/>
<LocList/>
<StmntSeq Intrnl_Id="66">
<LocList/>
</StmntSeq>
</Branch>
<Keyword EndOffset="754" SrcFileId="1" StartOffset="752"/>
<LocList>
<Loc EndOffset="777" SrcFileId="1" StartOffset="752"/>
</LocList>
<RootTerm CovItemId="C5" CovItemPrefix="Magazzino.java" Intrnl_Id="67">
<BasicBoolTerm Intrnl_Id="68">
<LocList>
<Loc EndOffset="762" SrcFileId="1" StartOffset="755"/>
</LocList>
</BasicBoolTerm>
</RootTerm>
</CondStmnt>
</StmntSeq>
<Keyword EndOffset="727" SrcFileId="1" StartOffset="724"/>
<LocList>
<Loc EndOffset="782" SrcFileId="1" StartOffset="724"/>
</LocList>
</LoopStmnt>
<BasicStmnt CovItemId="S16" CovItemPrefix="Magazzino.java" Intrnl_Id="69">
<LocList>
<Loc EndOffset="798" SrcFileId="1" StartOffset="786"/>
</LocList>
</BasicStmnt>
</StmntSeq>
</HierarchyLvl>
</HierarchyLvl>
</HierarchyLvl>
</MASTRoot>
</TestSessionContainer>
