<?xml version="1.0" encoding="UTF-8"?><TestSessionContainer xmlns="http://www.codecover.org/xml/testsession-container" Date="1656258915855" TestSessionContainerId="375216fa-17cc-40df-a17f-23235940fb34" version="1.0">
<SrcFileList>
<SrcFile Content="&#13;&#10;public class Magazzino {&#13;&#10;&#13;&#10;transient public int prodotti[];&#13;&#10;&#9;&#13;&#10;&#9;public Magazzino() {&#13;&#10;&#9;&#9;prodotti = new int[5]; //5 prodotti&#13;&#10;&#9;&#9;//assert prodotti.length==5;&#13;&#10;&#9;}&#13;&#10;&#9;&#13;&#10;&#9;public boolean insert(int productIndex, int addQuantity) {&#13;&#10;&#9;&#9;if(!(productIndex&gt;=0 &amp;&amp; productIndex&lt;prodotti.length)) return false;&#13;&#10;&#9;&#9;&#13;&#10;&#9;&#9;if(!(addQuantity&gt;=1 &amp;&amp; addQuantity&lt;=10)) return false;&#13;&#10;&#9;&#9;&#13;&#10;&#9;&#9;if(prodotti[productIndex]+addQuantity &gt; 100) return false;&#13;&#10;&#9;&#9;&#13;&#10;&#9;&#9;else {&#13;&#10;&#9;&#9;&#9;prodotti[productIndex]+=addQuantity;&#13;&#10;&#9;&#9;&#9;assert prodotti[productIndex]+addQuantity &lt;= 100;&#13;&#10;&#9;&#9;&#9;return true;&#13;&#10;&#9;&#9;}&#13;&#10;&#9;}&#13;&#10;&#9;&#13;&#10;&#9;public boolean isFull(final int productIndex) {&#13;&#10;&#9;&#9;if(prodotti[productIndex] == 100) return true;&#13;&#10;&#9;&#9;else {&#13;&#10;&#9;&#9;&#9;//assert prodotti[productIndex] != 100;&#13;&#10;&#9;&#9;&#9;return false;&#13;&#10;&#9;&#9;}&#13;&#10;&#9;}&#13;&#10;&#9;&#13;&#10;&#9;public boolean isFull() {&#13;&#10;&#9;&#9;for(int p : prodotti) {&#13;&#10;&#9;&#9;&#9;if(p &lt; 100) return false;&#13;&#10;&#9;&#9;}&#13;&#10;&#9;&#9;&#13;&#10;&#9;&#9;//for(int p : prodotti) {assert p == 100;}&#13;&#10;&#9;&#9;&#13;&#10;&#9;&#9;return true;&#13;&#10;&#9;}&#13;&#10;}&#13;&#10;" Filename="Magazzino.java" Intrnl_Id="1"/>
</SrcFileList>
<CritList>
<CritListEntry Name="org.codecover.model.utils.criteria.LoopCoverage" PluginName="org.codecover"/>
<CritListEntry Name="org.codecover.model.utils.criteria.ConditionCoverage" PluginName="org.codecover"/>
<CritListEntry Name="org.codecover.model.utils.criteria.BranchCoverage" PluginName="org.codecover"/>
<CritListEntry Name="org.codecover.model.utils.criteria.StatementCoverage" PluginName="org.codecover"/>
</CritList>
<BoolOpList>
<BoolOp Arity="2" Intrnl_Id="2" Name="conditional and (&amp;&amp;)">
<BoolAssgnmntBoolMapList>
<MapEntry BoolAssgnmnt="02" Value="false"/>
<MapEntry BoolAssgnmnt="10" Value="false"/>
<MapEntry BoolAssgnmnt="11" Value="true"/>
</BoolAssgnmntBoolMapList>
</BoolOp>
<BoolOp Arity="1" Intrnl_Id="3" Name="not (!)">
<BoolAssgnmntBoolMapList>
<MapEntry BoolAssgnmnt="1" Value="false"/>
<MapEntry BoolAssgnmnt="0" Value="true"/>
</BoolAssgnmntBoolMapList>
</BoolOp>
</BoolOpList>
<HierarchyLvlTypeList>
<HierarchyLvlType EnglishName="method" IntrnlName="method" Intrnl_Id="4"/>
<HierarchyLvlType EnglishName="class" IntrnlName="class" Intrnl_Id="5"/>
<HierarchyLvlType EnglishName="default package" IntrnlName="default package" Intrnl_Id="6"/>
</HierarchyLvlTypeList>
<MASTRoot>
<HierarchyLvl HierarchyLvlId="48" HierarchyLvlTypeId="6" Intrnl_Id="7" Name="default package">
<Header/>
<LocList/>
<HierarchyLvl HierarchyLvlId="47" HierarchyLvlTypeId="5" Intrnl_Id="8" Name="Magazzino">
<Header>
<Loc EndOffset="24" SrcFileId="1" StartOffset="2"/>
</Header>
<LocList>
<Loc EndOffset="916" SrcFileId="1" StartOffset="2"/>
</LocList>
<HierarchyLvl HierarchyLvlId="43" HierarchyLvlTypeId="4" Intrnl_Id="9" Name="Magazzino">
<Header>
<Loc EndOffset="86" SrcFileId="1" StartOffset="68"/>
</Header>
<LocList>
<Loc EndOffset="163" SrcFileId="1" StartOffset="68"/>
</LocList>
<StmntSeq Intrnl_Id="10">
<LocList>
<Loc EndOffset="114" SrcFileId="1" StartOffset="92"/>
</LocList>
<BasicStmnt CovItemId="S1" CovItemPrefix="Magazzino.java" Intrnl_Id="11">
<LocList>
<Loc EndOffset="114" SrcFileId="1" StartOffset="92"/>
</LocList>
</BasicStmnt>
</StmntSeq>
</HierarchyLvl>
<HierarchyLvl HierarchyLvlId="44" HierarchyLvlTypeId="4" Intrnl_Id="12" Name="insert">
<Header>
<Loc EndOffset="225" SrcFileId="1" StartOffset="169"/>
</Header>
<LocList>
<Loc EndOffset="562" SrcFileId="1" StartOffset="169"/>
</LocList>
<StmntSeq Intrnl_Id="13">
<LocList>
<Loc EndOffset="299" SrcFileId="1" StartOffset="231"/>
<Loc EndOffset="361" SrcFileId="1" StartOffset="307"/>
<Loc EndOffset="558" SrcFileId="1" StartOffset="369"/>
</LocList>
<CondStmnt CovItemId="S2" CovItemPrefix="Magazzino.java" Intrnl_Id="14">
<Branch CovItemId="B1" CovItemPrefix="Magazzino.java" Implct="false" Intrnl_Id="15">
<Cond/>
<LocList>
<Loc EndOffset="299" SrcFileId="1" StartOffset="286"/>
</LocList>
<StmntSeq Intrnl_Id="16">
<LocList>
<Loc EndOffset="299" SrcFileId="1" StartOffset="286"/>
</LocList>
<BasicStmnt CovItemId="S3" CovItemPrefix="Magazzino.java" Intrnl_Id="17">
<LocList>
<Loc EndOffset="299" SrcFileId="1" StartOffset="286"/>
</LocList>
</BasicStmnt>
</StmntSeq>
</Branch>
<Branch CovItemId="B2" CovItemPrefix="Magazzino.java" Implct="true" Intrnl_Id="18">
<Cond/>
<LocList/>
<StmntSeq Intrnl_Id="19">
<LocList/>
</StmntSeq>
</Branch>
<Keyword EndOffset="233" SrcFileId="1" StartOffset="231"/>
<LocList>
<Loc EndOffset="299" SrcFileId="1" StartOffset="231"/>
</LocList>
<RootTerm CovItemId="C1" CovItemPrefix="Magazzino.java" Intrnl_Id="20">
<OpTerm BooleanOpId="3" Intrnl_Id="21">
<OpTerm BooleanOpId="2" Intrnl_Id="22">
<BasicBoolTerm Intrnl_Id="23">
<LocList>
<Loc EndOffset="251" SrcFileId="1" StartOffset="236"/>
</LocList>
</BasicBoolTerm>
<BasicBoolTerm Intrnl_Id="24">
<LocList>
<Loc EndOffset="283" SrcFileId="1" StartOffset="255"/>
</LocList>
</BasicBoolTerm>
<LocList>
<Loc EndOffset="254" SrcFileId="1" StartOffset="252"/>
</LocList>
</OpTerm>
<LocList>
<Loc EndOffset="235" SrcFileId="1" StartOffset="234"/>
</LocList>
</OpTerm>
</RootTerm>
</CondStmnt>
<CondStmnt CovItemId="S4" CovItemPrefix="Magazzino.java" Intrnl_Id="25">
<Branch CovItemId="B3" CovItemPrefix="Magazzino.java" Implct="false" Intrnl_Id="26">
<Cond/>
<LocList>
<Loc EndOffset="361" SrcFileId="1" StartOffset="348"/>
</LocList>
<StmntSeq Intrnl_Id="27">
<LocList>
<Loc EndOffset="361" SrcFileId="1" StartOffset="348"/>
</LocList>
<BasicStmnt CovItemId="S5" CovItemPrefix="Magazzino.java" Intrnl_Id="28">
<LocList>
<Loc EndOffset="361" SrcFileId="1" StartOffset="348"/>
</LocList>
</BasicStmnt>
</StmntSeq>
</Branch>
<Branch CovItemId="B4" CovItemPrefix="Magazzino.java" Implct="true" Intrnl_Id="29">
<Cond/>
<LocList/>
<StmntSeq Intrnl_Id="30">
<LocList/>
</StmntSeq>
</Branch>
<Keyword EndOffset="309" SrcFileId="1" StartOffset="307"/>
<LocList>
<Loc EndOffset="361" SrcFileId="1" StartOffset="307"/>
</LocList>
<RootTerm CovItemId="C2" CovItemPrefix="Magazzino.java" Intrnl_Id="31">
<OpTerm BooleanOpId="3" Intrnl_Id="32">
<OpTerm BooleanOpId="2" Intrnl_Id="33">
<BasicBoolTerm Intrnl_Id="34">
<LocList>
<Loc EndOffset="326" SrcFileId="1" StartOffset="312"/>
</LocList>
</BasicBoolTerm>
<BasicBoolTerm Intrnl_Id="35">
<LocList>
<Loc EndOffset="345" SrcFileId="1" StartOffset="330"/>
</LocList>
</BasicBoolTerm>
<LocList>
<Loc EndOffset="329" SrcFileId="1" StartOffset="327"/>
</LocList>
</OpTerm>
<LocList>
<Loc EndOffset="311" SrcFileId="1" StartOffset="310"/>
</LocList>
</OpTerm>
</RootTerm>
</CondStmnt>
<CondStmnt CovItemId="S6" CovItemPrefix="Magazzino.java" Intrnl_Id="36">
<Branch CovItemId="B5" CovItemPrefix="Magazzino.java" Implct="false" Intrnl_Id="37">
<Cond/>
<LocList>
<Loc EndOffset="427" SrcFileId="1" StartOffset="414"/>
</LocList>
<StmntSeq Intrnl_Id="38">
<LocList>
<Loc EndOffset="427" SrcFileId="1" StartOffset="414"/>
</LocList>
<BasicStmnt CovItemId="S7" CovItemPrefix="Magazzino.java" Intrnl_Id="39">
<LocList>
<Loc EndOffset="427" SrcFileId="1" StartOffset="414"/>
</LocList>
</BasicStmnt>
</StmntSeq>
</Branch>
<Branch CovItemId="B6" CovItemPrefix="Magazzino.java" Implct="false" Intrnl_Id="40">
<Cond>
<Loc EndOffset="439" SrcFileId="1" StartOffset="435"/>
</Cond>
<LocList>
<Loc EndOffset="558" SrcFileId="1" StartOffset="440"/>
</LocList>
<StmntSeq Intrnl_Id="41">
<LocList>
<Loc EndOffset="482" SrcFileId="1" StartOffset="446"/>
<Loc EndOffset="553" SrcFileId="1" StartOffset="541"/>
</LocList>
<BasicStmnt CovItemId="S8" CovItemPrefix="Magazzino.java" Intrnl_Id="42">
<LocList>
<Loc EndOffset="482" SrcFileId="1" StartOffset="446"/>
</LocList>
</BasicStmnt>
<BasicStmnt CovItemId="S9" CovItemPrefix="Magazzino.java" Intrnl_Id="43">
<LocList>
<Loc EndOffset="553" SrcFileId="1" StartOffset="541"/>
</LocList>
</BasicStmnt>
</StmntSeq>
</Branch>
<Keyword EndOffset="371" SrcFileId="1" StartOffset="369"/>
<LocList>
<Loc EndOffset="558" SrcFileId="1" StartOffset="369"/>
</LocList>
<RootTerm CovItemId="C3" CovItemPrefix="Magazzino.java" Intrnl_Id="44">
<BasicBoolTerm Intrnl_Id="45">
<LocList>
<Loc EndOffset="412" SrcFileId="1" StartOffset="372"/>
</LocList>
</BasicBoolTerm>
</RootTerm>
</CondStmnt>
</StmntSeq>
</HierarchyLvl>
<HierarchyLvl HierarchyLvlId="45" HierarchyLvlTypeId="4" Intrnl_Id="46" Name="isFull">
<Header>
<Loc EndOffset="613" SrcFileId="1" StartOffset="568"/>
</Header>
<LocList>
<Loc EndOffset="746" SrcFileId="1" StartOffset="568"/>
</LocList>
<StmntSeq Intrnl_Id="47">
<LocList>
<Loc EndOffset="742" SrcFileId="1" StartOffset="619"/>
</LocList>
<CondStmnt CovItemId="S10" CovItemPrefix="Magazzino.java" Intrnl_Id="48">
<Branch CovItemId="B7" CovItemPrefix="Magazzino.java" Implct="false" Intrnl_Id="49">
<Cond/>
<LocList>
<Loc EndOffset="665" SrcFileId="1" StartOffset="653"/>
</LocList>
<StmntSeq Intrnl_Id="50">
<LocList>
<Loc EndOffset="665" SrcFileId="1" StartOffset="653"/>
</LocList>
<BasicStmnt CovItemId="S11" CovItemPrefix="Magazzino.java" Intrnl_Id="51">
<LocList>
<Loc EndOffset="665" SrcFileId="1" StartOffset="653"/>
</LocList>
</BasicStmnt>
</StmntSeq>
</Branch>
<Branch CovItemId="B8" CovItemPrefix="Magazzino.java" Implct="false" Intrnl_Id="52">
<Cond>
<Loc EndOffset="673" SrcFileId="1" StartOffset="669"/>
</Cond>
<LocList>
<Loc EndOffset="742" SrcFileId="1" StartOffset="674"/>
</LocList>
<StmntSeq Intrnl_Id="53">
<LocList>
<Loc EndOffset="737" SrcFileId="1" StartOffset="724"/>
</LocList>
<BasicStmnt CovItemId="S12" CovItemPrefix="Magazzino.java" Intrnl_Id="54">
<LocList>
<Loc EndOffset="737" SrcFileId="1" StartOffset="724"/>
</LocList>
</BasicStmnt>
</StmntSeq>
</Branch>
<Keyword EndOffset="621" SrcFileId="1" StartOffset="619"/>
<LocList>
<Loc EndOffset="742" SrcFileId="1" StartOffset="619"/>
</LocList>
<RootTerm CovItemId="C4" CovItemPrefix="Magazzino.java" Intrnl_Id="55">
<BasicBoolTerm Intrnl_Id="56">
<LocList>
<Loc EndOffset="651" SrcFileId="1" StartOffset="622"/>
</LocList>
</BasicBoolTerm>
</RootTerm>
</CondStmnt>
</StmntSeq>
</HierarchyLvl>
<HierarchyLvl HierarchyLvlId="46" HierarchyLvlTypeId="4" Intrnl_Id="57" Name="isFull">
<Header>
<Loc EndOffset="775" SrcFileId="1" StartOffset="752"/>
</Header>
<LocList>
<Loc EndOffset="913" SrcFileId="1" StartOffset="752"/>
</LocList>
<StmntSeq Intrnl_Id="58">
<LocList>
<Loc EndOffset="839" SrcFileId="1" StartOffset="781"/>
<Loc EndOffset="909" SrcFileId="1" StartOffset="897"/>
</LocList>
<LoopStmnt CovItemId="S13" CovItemPrefix="Magazzino.java" Intrnl_Id="59" MltplExecId="L1-2" MltplExecPrefix="Magazzino.java" NvrExecId="L1-0" NvrExecPrefix="Magazzino.java" OnceExecutedId="L1-1" OnceExecutedPrefix="Magazzino.java" OptBodyExec="true">
<StmntSeq Intrnl_Id="60">
<LocList>
<Loc EndOffset="834" SrcFileId="1" StartOffset="809"/>
</LocList>
<CondStmnt CovItemId="S14" CovItemPrefix="Magazzino.java" Intrnl_Id="61">
<Branch CovItemId="B9" CovItemPrefix="Magazzino.java" Implct="false" Intrnl_Id="62">
<Cond/>
<LocList>
<Loc EndOffset="834" SrcFileId="1" StartOffset="821"/>
</LocList>
<StmntSeq Intrnl_Id="63">
<LocList>
<Loc EndOffset="834" SrcFileId="1" StartOffset="821"/>
</LocList>
<BasicStmnt CovItemId="S15" CovItemPrefix="Magazzino.java" Intrnl_Id="64">
<LocList>
<Loc EndOffset="834" SrcFileId="1" StartOffset="821"/>
</LocList>
</BasicStmnt>
</StmntSeq>
</Branch>
<Branch CovItemId="B10" CovItemPrefix="Magazzino.java" Implct="true" Intrnl_Id="65">
<Cond/>
<LocList/>
<StmntSeq Intrnl_Id="66">
<LocList/>
</StmntSeq>
</Branch>
<Keyword EndOffset="811" SrcFileId="1" StartOffset="809"/>
<LocList>
<Loc EndOffset="834" SrcFileId="1" StartOffset="809"/>
</LocList>
<RootTerm CovItemId="C5" CovItemPrefix="Magazzino.java" Intrnl_Id="67">
<BasicBoolTerm Intrnl_Id="68">
<LocList>
<Loc EndOffset="819" SrcFileId="1" StartOffset="812"/>
</LocList>
</BasicBoolTerm>
</RootTerm>
</CondStmnt>
</StmntSeq>
<Keyword EndOffset="784" SrcFileId="1" StartOffset="781"/>
<LocList>
<Loc EndOffset="839" SrcFileId="1" StartOffset="781"/>
</LocList>
</LoopStmnt>
<BasicStmnt CovItemId="S16" CovItemPrefix="Magazzino.java" Intrnl_Id="69">
<LocList>
<Loc EndOffset="909" SrcFileId="1" StartOffset="897"/>
</LocList>
</BasicStmnt>
</StmntSeq>
</HierarchyLvl>
</HierarchyLvl>
</HierarchyLvl>
</MASTRoot>
</TestSessionContainer>
