<?xml version="1.0" encoding="UTF-8"?><TestSessionContainer xmlns="http://www.codecover.org/xml/testsession-container" Date="1656174110641" TestSessionContainerId="e0c27d4e-d75b-448f-9883-740908949ea4" version="1.0">
<SrcFileList>
<SrcFile Content="&#13;&#10;public class Magazzino {&#13;&#10;&#13;&#10;public int prodotti[];&#13;&#10;&#9;&#13;&#10;&#9;public Magazzino() {&#13;&#10;&#9;&#9;prodotti = null;&#13;&#10;&#9;}&#13;&#10;&#9;&#13;&#10;&#9;public boolean insert(int productIndex, int addQuantity) {&#13;&#10;&#9;&#9;if(!(productIndex&gt;=0 &amp;&amp; productIndex&lt;prodotti.length)) return false;&#13;&#10;&#9;&#9;&#13;&#10;&#9;&#9;if(!(addQuantity&gt;=1 &amp;&amp; addQuantity&lt;=10)) return false;&#13;&#10;&#9;&#9;&#13;&#10;&#9;&#9;if(prodotti[productIndex]+addQuantity &gt; 100) return false;&#13;&#10;&#9;&#9;&#13;&#10;&#9;&#9;else {&#13;&#10;&#9;&#9;&#9;prodotti[productIndex]+=addQuantity; return true;&#13;&#10;&#9;&#9;}&#13;&#10;&#9;}&#13;&#10;&#9;&#13;&#10;&#9;public boolean isFull(int productIndex) {&#13;&#10;&#9;&#9;if(prodotti[productIndex] == 100) return true;&#13;&#10;&#9;&#9;else return false;&#13;&#10;&#9;}&#13;&#10;&#9;&#13;&#10;&#9;public boolean isFull() {&#13;&#10;&#9;&#9;for(int i=0; i&lt;prodotti.length;i++) {&#13;&#10;&#9;&#9;&#9;if(prodotti[i] &lt; 100) return false;&#13;&#10;&#9;&#9;}&#13;&#10;&#9;&#9;return true;&#13;&#10;&#9;}&#13;&#10;}&#13;&#10;" Filename="Magazzino.java" Intrnl_Id="1"/>
</SrcFileList>
<CritList>
<CritListEntry Name="org.codecover.model.utils.criteria.LoopCoverage" PluginName="org.codecover"/>
<CritListEntry Name="org.codecover.model.utils.criteria.ConditionCoverage" PluginName="org.codecover"/>
<CritListEntry Name="org.codecover.model.utils.criteria.BranchCoverage" PluginName="org.codecover"/>
<CritListEntry Name="org.codecover.model.utils.criteria.StatementCoverage" PluginName="org.codecover"/>
</CritList>
<BoolOpList>
<BoolOp Arity="2" Intrnl_Id="2" Name="conditional and (&amp;&amp;)">
<BoolAssgnmntBoolMapList>
<MapEntry BoolAssgnmnt="02" Value="false"/>
<MapEntry BoolAssgnmnt="10" Value="false"/>
<MapEntry BoolAssgnmnt="11" Value="true"/>
</BoolAssgnmntBoolMapList>
</BoolOp>
<BoolOp Arity="1" Intrnl_Id="3" Name="not (!)">
<BoolAssgnmntBoolMapList>
<MapEntry BoolAssgnmnt="1" Value="false"/>
<MapEntry BoolAssgnmnt="0" Value="true"/>
</BoolAssgnmntBoolMapList>
</BoolOp>
</BoolOpList>
<HierarchyLvlTypeList>
<HierarchyLvlType EnglishName="method" IntrnlName="method" Intrnl_Id="4"/>
<HierarchyLvlType EnglishName="class" IntrnlName="class" Intrnl_Id="5"/>
<HierarchyLvlType EnglishName="default package" IntrnlName="default package" Intrnl_Id="6"/>
</HierarchyLvlTypeList>
<MASTRoot>
<HierarchyLvl HierarchyLvlId="12" HierarchyLvlTypeId="6" Intrnl_Id="7" Name="default package">
<Header/>
<LocList/>
<HierarchyLvl HierarchyLvlId="11" HierarchyLvlTypeId="5" Intrnl_Id="8" Name="Magazzino">
<Header>
<Loc EndOffset="24" SrcFileId="1" StartOffset="2"/>
</Header>
<LocList>
<Loc EndOffset="706" SrcFileId="1" StartOffset="2"/>
</LocList>
<HierarchyLvl HierarchyLvlId="7" HierarchyLvlTypeId="4" Intrnl_Id="9" Name="Magazzino">
<Header>
<Loc EndOffset="76" SrcFileId="1" StartOffset="58"/>
</Header>
<LocList>
<Loc EndOffset="102" SrcFileId="1" StartOffset="58"/>
</LocList>
<StmntSeq Intrnl_Id="10">
<LocList>
<Loc EndOffset="98" SrcFileId="1" StartOffset="82"/>
</LocList>
<BasicStmnt CovItemId="S1" CovItemPrefix="Magazzino.java" Intrnl_Id="11">
<LocList>
<Loc EndOffset="98" SrcFileId="1" StartOffset="82"/>
</LocList>
</BasicStmnt>
</StmntSeq>
</HierarchyLvl>
<HierarchyLvl HierarchyLvlId="8" HierarchyLvlTypeId="4" Intrnl_Id="12" Name="insert">
<Header>
<Loc EndOffset="164" SrcFileId="1" StartOffset="108"/>
</Header>
<LocList>
<Loc EndOffset="443" SrcFileId="1" StartOffset="108"/>
</LocList>
<StmntSeq Intrnl_Id="13">
<LocList>
<Loc EndOffset="238" SrcFileId="1" StartOffset="170"/>
<Loc EndOffset="300" SrcFileId="1" StartOffset="246"/>
<Loc EndOffset="439" SrcFileId="1" StartOffset="308"/>
</LocList>
<CondStmnt CovItemId="S2" CovItemPrefix="Magazzino.java" Intrnl_Id="14">
<Branch CovItemId="B1" CovItemPrefix="Magazzino.java" Implct="false" Intrnl_Id="15">
<Cond/>
<LocList>
<Loc EndOffset="238" SrcFileId="1" StartOffset="225"/>
</LocList>
<StmntSeq Intrnl_Id="16">
<LocList>
<Loc EndOffset="238" SrcFileId="1" StartOffset="225"/>
</LocList>
<BasicStmnt CovItemId="S3" CovItemPrefix="Magazzino.java" Intrnl_Id="17">
<LocList>
<Loc EndOffset="238" SrcFileId="1" StartOffset="225"/>
</LocList>
</BasicStmnt>
</StmntSeq>
</Branch>
<Branch CovItemId="B2" CovItemPrefix="Magazzino.java" Implct="true" Intrnl_Id="18">
<Cond/>
<LocList/>
<StmntSeq Intrnl_Id="19">
<LocList/>
</StmntSeq>
</Branch>
<Keyword EndOffset="172" SrcFileId="1" StartOffset="170"/>
<LocList>
<Loc EndOffset="238" SrcFileId="1" StartOffset="170"/>
</LocList>
<RootTerm CovItemId="C1" CovItemPrefix="Magazzino.java" Intrnl_Id="20">
<OpTerm BooleanOpId="3" Intrnl_Id="21">
<OpTerm BooleanOpId="2" Intrnl_Id="22">
<BasicBoolTerm Intrnl_Id="23">
<LocList>
<Loc EndOffset="190" SrcFileId="1" StartOffset="175"/>
</LocList>
</BasicBoolTerm>
<BasicBoolTerm Intrnl_Id="24">
<LocList>
<Loc EndOffset="222" SrcFileId="1" StartOffset="194"/>
</LocList>
</BasicBoolTerm>
<LocList>
<Loc EndOffset="193" SrcFileId="1" StartOffset="191"/>
</LocList>
</OpTerm>
<LocList>
<Loc EndOffset="174" SrcFileId="1" StartOffset="173"/>
</LocList>
</OpTerm>
</RootTerm>
</CondStmnt>
<CondStmnt CovItemId="S4" CovItemPrefix="Magazzino.java" Intrnl_Id="25">
<Branch CovItemId="B3" CovItemPrefix="Magazzino.java" Implct="false" Intrnl_Id="26">
<Cond/>
<LocList>
<Loc EndOffset="300" SrcFileId="1" StartOffset="287"/>
</LocList>
<StmntSeq Intrnl_Id="27">
<LocList>
<Loc EndOffset="300" SrcFileId="1" StartOffset="287"/>
</LocList>
<BasicStmnt CovItemId="S5" CovItemPrefix="Magazzino.java" Intrnl_Id="28">
<LocList>
<Loc EndOffset="300" SrcFileId="1" StartOffset="287"/>
</LocList>
</BasicStmnt>
</StmntSeq>
</Branch>
<Branch CovItemId="B4" CovItemPrefix="Magazzino.java" Implct="true" Intrnl_Id="29">
<Cond/>
<LocList/>
<StmntSeq Intrnl_Id="30">
<LocList/>
</StmntSeq>
</Branch>
<Keyword EndOffset="248" SrcFileId="1" StartOffset="246"/>
<LocList>
<Loc EndOffset="300" SrcFileId="1" StartOffset="246"/>
</LocList>
<RootTerm CovItemId="C2" CovItemPrefix="Magazzino.java" Intrnl_Id="31">
<OpTerm BooleanOpId="3" Intrnl_Id="32">
<OpTerm BooleanOpId="2" Intrnl_Id="33">
<BasicBoolTerm Intrnl_Id="34">
<LocList>
<Loc EndOffset="265" SrcFileId="1" StartOffset="251"/>
</LocList>
</BasicBoolTerm>
<BasicBoolTerm Intrnl_Id="35">
<LocList>
<Loc EndOffset="284" SrcFileId="1" StartOffset="269"/>
</LocList>
</BasicBoolTerm>
<LocList>
<Loc EndOffset="268" SrcFileId="1" StartOffset="266"/>
</LocList>
</OpTerm>
<LocList>
<Loc EndOffset="250" SrcFileId="1" StartOffset="249"/>
</LocList>
</OpTerm>
</RootTerm>
</CondStmnt>
<CondStmnt CovItemId="S6" CovItemPrefix="Magazzino.java" Intrnl_Id="36">
<Branch CovItemId="B5" CovItemPrefix="Magazzino.java" Implct="false" Intrnl_Id="37">
<Cond/>
<LocList>
<Loc EndOffset="366" SrcFileId="1" StartOffset="353"/>
</LocList>
<StmntSeq Intrnl_Id="38">
<LocList>
<Loc EndOffset="366" SrcFileId="1" StartOffset="353"/>
</LocList>
<BasicStmnt CovItemId="S7" CovItemPrefix="Magazzino.java" Intrnl_Id="39">
<LocList>
<Loc EndOffset="366" SrcFileId="1" StartOffset="353"/>
</LocList>
</BasicStmnt>
</StmntSeq>
</Branch>
<Branch CovItemId="B6" CovItemPrefix="Magazzino.java" Implct="false" Intrnl_Id="40">
<Cond>
<Loc EndOffset="378" SrcFileId="1" StartOffset="374"/>
</Cond>
<LocList>
<Loc EndOffset="439" SrcFileId="1" StartOffset="379"/>
</LocList>
<StmntSeq Intrnl_Id="41">
<LocList>
<Loc EndOffset="421" SrcFileId="1" StartOffset="385"/>
<Loc EndOffset="434" SrcFileId="1" StartOffset="422"/>
</LocList>
<BasicStmnt CovItemId="S8" CovItemPrefix="Magazzino.java" Intrnl_Id="42">
<LocList>
<Loc EndOffset="421" SrcFileId="1" StartOffset="385"/>
</LocList>
</BasicStmnt>
<BasicStmnt CovItemId="S9" CovItemPrefix="Magazzino.java" Intrnl_Id="43">
<LocList>
<Loc EndOffset="434" SrcFileId="1" StartOffset="422"/>
</LocList>
</BasicStmnt>
</StmntSeq>
</Branch>
<Keyword EndOffset="310" SrcFileId="1" StartOffset="308"/>
<LocList>
<Loc EndOffset="439" SrcFileId="1" StartOffset="308"/>
</LocList>
<RootTerm CovItemId="C3" CovItemPrefix="Magazzino.java" Intrnl_Id="44">
<BasicBoolTerm Intrnl_Id="45">
<LocList>
<Loc EndOffset="351" SrcFileId="1" StartOffset="311"/>
</LocList>
</BasicBoolTerm>
</RootTerm>
</CondStmnt>
</StmntSeq>
</HierarchyLvl>
<HierarchyLvl HierarchyLvlId="9" HierarchyLvlTypeId="4" Intrnl_Id="46" Name="isFull">
<Header>
<Loc EndOffset="488" SrcFileId="1" StartOffset="449"/>
</Header>
<LocList>
<Loc EndOffset="566" SrcFileId="1" StartOffset="449"/>
</LocList>
<StmntSeq Intrnl_Id="47">
<LocList>
<Loc EndOffset="562" SrcFileId="1" StartOffset="494"/>
</LocList>
<CondStmnt CovItemId="S10" CovItemPrefix="Magazzino.java" Intrnl_Id="48">
<Branch CovItemId="B7" CovItemPrefix="Magazzino.java" Implct="false" Intrnl_Id="49">
<Cond/>
<LocList>
<Loc EndOffset="540" SrcFileId="1" StartOffset="528"/>
</LocList>
<StmntSeq Intrnl_Id="50">
<LocList>
<Loc EndOffset="540" SrcFileId="1" StartOffset="528"/>
</LocList>
<BasicStmnt CovItemId="S11" CovItemPrefix="Magazzino.java" Intrnl_Id="51">
<LocList>
<Loc EndOffset="540" SrcFileId="1" StartOffset="528"/>
</LocList>
</BasicStmnt>
</StmntSeq>
</Branch>
<Branch CovItemId="B8" CovItemPrefix="Magazzino.java" Implct="false" Intrnl_Id="52">
<Cond>
<Loc EndOffset="548" SrcFileId="1" StartOffset="544"/>
</Cond>
<LocList>
<Loc EndOffset="562" SrcFileId="1" StartOffset="549"/>
</LocList>
<StmntSeq Intrnl_Id="53">
<LocList>
<Loc EndOffset="562" SrcFileId="1" StartOffset="549"/>
</LocList>
<BasicStmnt CovItemId="S12" CovItemPrefix="Magazzino.java" Intrnl_Id="54">
<LocList>
<Loc EndOffset="562" SrcFileId="1" StartOffset="549"/>
</LocList>
</BasicStmnt>
</StmntSeq>
</Branch>
<Keyword EndOffset="496" SrcFileId="1" StartOffset="494"/>
<LocList>
<Loc EndOffset="562" SrcFileId="1" StartOffset="494"/>
</LocList>
<RootTerm CovItemId="C4" CovItemPrefix="Magazzino.java" Intrnl_Id="55">
<BasicBoolTerm Intrnl_Id="56">
<LocList>
<Loc EndOffset="526" SrcFileId="1" StartOffset="497"/>
</LocList>
</BasicBoolTerm>
</RootTerm>
</CondStmnt>
</StmntSeq>
</HierarchyLvl>
<HierarchyLvl HierarchyLvlId="10" HierarchyLvlTypeId="4" Intrnl_Id="57" Name="isFull">
<Header>
<Loc EndOffset="595" SrcFileId="1" StartOffset="572"/>
</Header>
<LocList>
<Loc EndOffset="703" SrcFileId="1" StartOffset="572"/>
</LocList>
<StmntSeq Intrnl_Id="58">
<LocList>
<Loc EndOffset="683" SrcFileId="1" StartOffset="601"/>
<Loc EndOffset="699" SrcFileId="1" StartOffset="687"/>
</LocList>
<LoopStmnt CovItemId="S13" CovItemPrefix="Magazzino.java" Intrnl_Id="59" MltplExecId="L1-2" MltplExecPrefix="Magazzino.java" NvrExecId="L1-0" NvrExecPrefix="Magazzino.java" OnceExecutedId="L1-1" OnceExecutedPrefix="Magazzino.java" OptBodyExec="true">
<StmntSeq Intrnl_Id="60">
<LocList>
<Loc EndOffset="678" SrcFileId="1" StartOffset="643"/>
</LocList>
<CondStmnt CovItemId="S14" CovItemPrefix="Magazzino.java" Intrnl_Id="61">
<Branch CovItemId="B9" CovItemPrefix="Magazzino.java" Implct="false" Intrnl_Id="62">
<Cond/>
<LocList>
<Loc EndOffset="678" SrcFileId="1" StartOffset="665"/>
</LocList>
<StmntSeq Intrnl_Id="63">
<LocList>
<Loc EndOffset="678" SrcFileId="1" StartOffset="665"/>
</LocList>
<BasicStmnt CovItemId="S15" CovItemPrefix="Magazzino.java" Intrnl_Id="64">
<LocList>
<Loc EndOffset="678" SrcFileId="1" StartOffset="665"/>
</LocList>
</BasicStmnt>
</StmntSeq>
</Branch>
<Branch CovItemId="B10" CovItemPrefix="Magazzino.java" Implct="true" Intrnl_Id="65">
<Cond/>
<LocList/>
<StmntSeq Intrnl_Id="66">
<LocList/>
</StmntSeq>
</Branch>
<Keyword EndOffset="645" SrcFileId="1" StartOffset="643"/>
<LocList>
<Loc EndOffset="678" SrcFileId="1" StartOffset="643"/>
</LocList>
<RootTerm CovItemId="C6" CovItemPrefix="Magazzino.java" Intrnl_Id="67">
<BasicBoolTerm Intrnl_Id="68">
<LocList>
<Loc EndOffset="663" SrcFileId="1" StartOffset="646"/>
</LocList>
</BasicBoolTerm>
</RootTerm>
</CondStmnt>
</StmntSeq>
<Keyword EndOffset="604" SrcFileId="1" StartOffset="601"/>
<LocList>
<Loc EndOffset="683" SrcFileId="1" StartOffset="601"/>
</LocList>
<RootTerm CovItemId="C5" CovItemPrefix="Magazzino.java" Intrnl_Id="69">
<BasicBoolTerm Intrnl_Id="70">
<LocList>
<Loc EndOffset="631" SrcFileId="1" StartOffset="614"/>
</LocList>
</BasicBoolTerm>
</RootTerm>
</LoopStmnt>
<BasicStmnt CovItemId="S16" CovItemPrefix="Magazzino.java" Intrnl_Id="71">
<LocList>
<Loc EndOffset="699" SrcFileId="1" StartOffset="687"/>
</LocList>
</BasicStmnt>
</StmntSeq>
</HierarchyLvl>
</HierarchyLvl>
</HierarchyLvl>
</MASTRoot>
</TestSessionContainer>
