<?xml version="1.0" encoding="UTF-8"?><TestSessionContainer xmlns="http://www.codecover.org/xml/testsession-container" Date="1656174241778" TestSessionContainerId="a0823338-73e1-449f-9d78-29b56a2337ef" version="1.0">
<SrcFileList>
<SrcFile Content="&#13;&#10;public class Magazzino {&#13;&#10;&#13;&#10;public int prodotti[];&#13;&#10;&#9;&#13;&#10;&#9;public Magazzino() {&#13;&#10;&#9;&#9;prodotti = new int[5]; //5 prodotti&#13;&#10;&#9;&#9;int i;&#13;&#10;&#9;&#9;if(prodotti == null) i = prodotti.length;&#13;&#10;&#9;}&#13;&#10;&#9;&#13;&#10;&#9;public boolean insert(int productIndex, int addQuantity) {&#13;&#10;&#9;&#9;if(!(productIndex&gt;=0 &amp;&amp; productIndex&lt;prodotti.length)) return false;&#13;&#10;&#9;&#9;&#13;&#10;&#9;&#9;if(!(addQuantity&gt;=1 &amp;&amp; addQuantity&lt;=10)) return false;&#13;&#10;&#9;&#9;&#13;&#10;&#9;&#9;if(prodotti[productIndex]+addQuantity &gt; 100) return false;&#13;&#10;&#9;&#9;&#13;&#10;&#9;&#9;else {&#13;&#10;&#9;&#9;&#9;prodotti[productIndex]+=addQuantity; return true;&#13;&#10;&#9;&#9;}&#13;&#10;&#9;}&#13;&#10;&#9;&#13;&#10;&#9;public boolean isFull(int productIndex) {&#13;&#10;&#9;&#9;if(prodotti[productIndex] == 100) return true;&#13;&#10;&#9;&#9;else return false;&#13;&#10;&#9;}&#13;&#10;&#9;&#13;&#10;&#9;public boolean isFull() {&#13;&#10;&#9;&#9;for(int i=0; i&lt;prodotti.length;i++) {&#13;&#10;&#9;&#9;&#9;if(prodotti[i] &lt; 100) return false;&#13;&#10;&#9;&#9;}&#13;&#10;&#9;&#9;return true;&#13;&#10;&#9;}&#13;&#10;}&#13;&#10;" Filename="Magazzino.java" Intrnl_Id="1"/>
</SrcFileList>
<CritList>
<CritListEntry Name="org.codecover.model.utils.criteria.LoopCoverage" PluginName="org.codecover"/>
<CritListEntry Name="org.codecover.model.utils.criteria.ConditionCoverage" PluginName="org.codecover"/>
<CritListEntry Name="org.codecover.model.utils.criteria.BranchCoverage" PluginName="org.codecover"/>
<CritListEntry Name="org.codecover.model.utils.criteria.StatementCoverage" PluginName="org.codecover"/>
</CritList>
<BoolOpList>
<BoolOp Arity="2" Intrnl_Id="2" Name="conditional and (&amp;&amp;)">
<BoolAssgnmntBoolMapList>
<MapEntry BoolAssgnmnt="02" Value="false"/>
<MapEntry BoolAssgnmnt="10" Value="false"/>
<MapEntry BoolAssgnmnt="11" Value="true"/>
</BoolAssgnmntBoolMapList>
</BoolOp>
<BoolOp Arity="1" Intrnl_Id="3" Name="not (!)">
<BoolAssgnmntBoolMapList>
<MapEntry BoolAssgnmnt="1" Value="false"/>
<MapEntry BoolAssgnmnt="0" Value="true"/>
</BoolAssgnmntBoolMapList>
</BoolOp>
</BoolOpList>
<HierarchyLvlTypeList>
<HierarchyLvlType EnglishName="method" IntrnlName="method" Intrnl_Id="4"/>
<HierarchyLvlType EnglishName="class" IntrnlName="class" Intrnl_Id="5"/>
<HierarchyLvlType EnglishName="default package" IntrnlName="default package" Intrnl_Id="6"/>
</HierarchyLvlTypeList>
<MASTRoot>
<HierarchyLvl HierarchyLvlId="18" HierarchyLvlTypeId="6" Intrnl_Id="7" Name="default package">
<Header/>
<LocList/>
<HierarchyLvl HierarchyLvlId="17" HierarchyLvlTypeId="5" Intrnl_Id="8" Name="Magazzino">
<Header>
<Loc EndOffset="24" SrcFileId="1" StartOffset="2"/>
</Header>
<LocList>
<Loc EndOffset="780" SrcFileId="1" StartOffset="2"/>
</LocList>
<HierarchyLvl HierarchyLvlId="13" HierarchyLvlTypeId="4" Intrnl_Id="9" Name="Magazzino">
<Header>
<Loc EndOffset="76" SrcFileId="1" StartOffset="58"/>
</Header>
<LocList>
<Loc EndOffset="176" SrcFileId="1" StartOffset="58"/>
</LocList>
<StmntSeq Intrnl_Id="10">
<LocList>
<Loc EndOffset="104" SrcFileId="1" StartOffset="82"/>
<Loc EndOffset="172" SrcFileId="1" StartOffset="131"/>
</LocList>
<BasicStmnt CovItemId="S1" CovItemPrefix="Magazzino.java" Intrnl_Id="11">
<LocList>
<Loc EndOffset="104" SrcFileId="1" StartOffset="82"/>
</LocList>
</BasicStmnt>
<CondStmnt CovItemId="S2" CovItemPrefix="Magazzino.java" Intrnl_Id="12">
<Branch CovItemId="B1" CovItemPrefix="Magazzino.java" Implct="false" Intrnl_Id="13">
<Cond/>
<LocList>
<Loc EndOffset="172" SrcFileId="1" StartOffset="152"/>
</LocList>
<StmntSeq Intrnl_Id="14">
<LocList>
<Loc EndOffset="172" SrcFileId="1" StartOffset="152"/>
</LocList>
<BasicStmnt CovItemId="S3" CovItemPrefix="Magazzino.java" Intrnl_Id="15">
<LocList>
<Loc EndOffset="172" SrcFileId="1" StartOffset="152"/>
</LocList>
</BasicStmnt>
</StmntSeq>
</Branch>
<Branch CovItemId="B2" CovItemPrefix="Magazzino.java" Implct="true" Intrnl_Id="16">
<Cond/>
<LocList/>
<StmntSeq Intrnl_Id="17">
<LocList/>
</StmntSeq>
</Branch>
<Keyword EndOffset="133" SrcFileId="1" StartOffset="131"/>
<LocList>
<Loc EndOffset="172" SrcFileId="1" StartOffset="131"/>
</LocList>
<RootTerm CovItemId="C1" CovItemPrefix="Magazzino.java" Intrnl_Id="18">
<BasicBoolTerm Intrnl_Id="19">
<LocList>
<Loc EndOffset="150" SrcFileId="1" StartOffset="134"/>
</LocList>
</BasicBoolTerm>
</RootTerm>
</CondStmnt>
</StmntSeq>
</HierarchyLvl>
<HierarchyLvl HierarchyLvlId="14" HierarchyLvlTypeId="4" Intrnl_Id="20" Name="insert">
<Header>
<Loc EndOffset="238" SrcFileId="1" StartOffset="182"/>
</Header>
<LocList>
<Loc EndOffset="517" SrcFileId="1" StartOffset="182"/>
</LocList>
<StmntSeq Intrnl_Id="21">
<LocList>
<Loc EndOffset="312" SrcFileId="1" StartOffset="244"/>
<Loc EndOffset="374" SrcFileId="1" StartOffset="320"/>
<Loc EndOffset="513" SrcFileId="1" StartOffset="382"/>
</LocList>
<CondStmnt CovItemId="S4" CovItemPrefix="Magazzino.java" Intrnl_Id="22">
<Branch CovItemId="B3" CovItemPrefix="Magazzino.java" Implct="false" Intrnl_Id="23">
<Cond/>
<LocList>
<Loc EndOffset="312" SrcFileId="1" StartOffset="299"/>
</LocList>
<StmntSeq Intrnl_Id="24">
<LocList>
<Loc EndOffset="312" SrcFileId="1" StartOffset="299"/>
</LocList>
<BasicStmnt CovItemId="S5" CovItemPrefix="Magazzino.java" Intrnl_Id="25">
<LocList>
<Loc EndOffset="312" SrcFileId="1" StartOffset="299"/>
</LocList>
</BasicStmnt>
</StmntSeq>
</Branch>
<Branch CovItemId="B4" CovItemPrefix="Magazzino.java" Implct="true" Intrnl_Id="26">
<Cond/>
<LocList/>
<StmntSeq Intrnl_Id="27">
<LocList/>
</StmntSeq>
</Branch>
<Keyword EndOffset="246" SrcFileId="1" StartOffset="244"/>
<LocList>
<Loc EndOffset="312" SrcFileId="1" StartOffset="244"/>
</LocList>
<RootTerm CovItemId="C2" CovItemPrefix="Magazzino.java" Intrnl_Id="28">
<OpTerm BooleanOpId="3" Intrnl_Id="29">
<OpTerm BooleanOpId="2" Intrnl_Id="30">
<BasicBoolTerm Intrnl_Id="31">
<LocList>
<Loc EndOffset="264" SrcFileId="1" StartOffset="249"/>
</LocList>
</BasicBoolTerm>
<BasicBoolTerm Intrnl_Id="32">
<LocList>
<Loc EndOffset="296" SrcFileId="1" StartOffset="268"/>
</LocList>
</BasicBoolTerm>
<LocList>
<Loc EndOffset="267" SrcFileId="1" StartOffset="265"/>
</LocList>
</OpTerm>
<LocList>
<Loc EndOffset="248" SrcFileId="1" StartOffset="247"/>
</LocList>
</OpTerm>
</RootTerm>
</CondStmnt>
<CondStmnt CovItemId="S6" CovItemPrefix="Magazzino.java" Intrnl_Id="33">
<Branch CovItemId="B5" CovItemPrefix="Magazzino.java" Implct="false" Intrnl_Id="34">
<Cond/>
<LocList>
<Loc EndOffset="374" SrcFileId="1" StartOffset="361"/>
</LocList>
<StmntSeq Intrnl_Id="35">
<LocList>
<Loc EndOffset="374" SrcFileId="1" StartOffset="361"/>
</LocList>
<BasicStmnt CovItemId="S7" CovItemPrefix="Magazzino.java" Intrnl_Id="36">
<LocList>
<Loc EndOffset="374" SrcFileId="1" StartOffset="361"/>
</LocList>
</BasicStmnt>
</StmntSeq>
</Branch>
<Branch CovItemId="B6" CovItemPrefix="Magazzino.java" Implct="true" Intrnl_Id="37">
<Cond/>
<LocList/>
<StmntSeq Intrnl_Id="38">
<LocList/>
</StmntSeq>
</Branch>
<Keyword EndOffset="322" SrcFileId="1" StartOffset="320"/>
<LocList>
<Loc EndOffset="374" SrcFileId="1" StartOffset="320"/>
</LocList>
<RootTerm CovItemId="C3" CovItemPrefix="Magazzino.java" Intrnl_Id="39">
<OpTerm BooleanOpId="3" Intrnl_Id="40">
<OpTerm BooleanOpId="2" Intrnl_Id="41">
<BasicBoolTerm Intrnl_Id="42">
<LocList>
<Loc EndOffset="339" SrcFileId="1" StartOffset="325"/>
</LocList>
</BasicBoolTerm>
<BasicBoolTerm Intrnl_Id="43">
<LocList>
<Loc EndOffset="358" SrcFileId="1" StartOffset="343"/>
</LocList>
</BasicBoolTerm>
<LocList>
<Loc EndOffset="342" SrcFileId="1" StartOffset="340"/>
</LocList>
</OpTerm>
<LocList>
<Loc EndOffset="324" SrcFileId="1" StartOffset="323"/>
</LocList>
</OpTerm>
</RootTerm>
</CondStmnt>
<CondStmnt CovItemId="S8" CovItemPrefix="Magazzino.java" Intrnl_Id="44">
<Branch CovItemId="B7" CovItemPrefix="Magazzino.java" Implct="false" Intrnl_Id="45">
<Cond/>
<LocList>
<Loc EndOffset="440" SrcFileId="1" StartOffset="427"/>
</LocList>
<StmntSeq Intrnl_Id="46">
<LocList>
<Loc EndOffset="440" SrcFileId="1" StartOffset="427"/>
</LocList>
<BasicStmnt CovItemId="S9" CovItemPrefix="Magazzino.java" Intrnl_Id="47">
<LocList>
<Loc EndOffset="440" SrcFileId="1" StartOffset="427"/>
</LocList>
</BasicStmnt>
</StmntSeq>
</Branch>
<Branch CovItemId="B8" CovItemPrefix="Magazzino.java" Implct="false" Intrnl_Id="48">
<Cond>
<Loc EndOffset="452" SrcFileId="1" StartOffset="448"/>
</Cond>
<LocList>
<Loc EndOffset="513" SrcFileId="1" StartOffset="453"/>
</LocList>
<StmntSeq Intrnl_Id="49">
<LocList>
<Loc EndOffset="495" SrcFileId="1" StartOffset="459"/>
<Loc EndOffset="508" SrcFileId="1" StartOffset="496"/>
</LocList>
<BasicStmnt CovItemId="S10" CovItemPrefix="Magazzino.java" Intrnl_Id="50">
<LocList>
<Loc EndOffset="495" SrcFileId="1" StartOffset="459"/>
</LocList>
</BasicStmnt>
<BasicStmnt CovItemId="S11" CovItemPrefix="Magazzino.java" Intrnl_Id="51">
<LocList>
<Loc EndOffset="508" SrcFileId="1" StartOffset="496"/>
</LocList>
</BasicStmnt>
</StmntSeq>
</Branch>
<Keyword EndOffset="384" SrcFileId="1" StartOffset="382"/>
<LocList>
<Loc EndOffset="513" SrcFileId="1" StartOffset="382"/>
</LocList>
<RootTerm CovItemId="C4" CovItemPrefix="Magazzino.java" Intrnl_Id="52">
<BasicBoolTerm Intrnl_Id="53">
<LocList>
<Loc EndOffset="425" SrcFileId="1" StartOffset="385"/>
</LocList>
</BasicBoolTerm>
</RootTerm>
</CondStmnt>
</StmntSeq>
</HierarchyLvl>
<HierarchyLvl HierarchyLvlId="15" HierarchyLvlTypeId="4" Intrnl_Id="54" Name="isFull">
<Header>
<Loc EndOffset="562" SrcFileId="1" StartOffset="523"/>
</Header>
<LocList>
<Loc EndOffset="640" SrcFileId="1" StartOffset="523"/>
</LocList>
<StmntSeq Intrnl_Id="55">
<LocList>
<Loc EndOffset="636" SrcFileId="1" StartOffset="568"/>
</LocList>
<CondStmnt CovItemId="S12" CovItemPrefix="Magazzino.java" Intrnl_Id="56">
<Branch CovItemId="B9" CovItemPrefix="Magazzino.java" Implct="false" Intrnl_Id="57">
<Cond/>
<LocList>
<Loc EndOffset="614" SrcFileId="1" StartOffset="602"/>
</LocList>
<StmntSeq Intrnl_Id="58">
<LocList>
<Loc EndOffset="614" SrcFileId="1" StartOffset="602"/>
</LocList>
<BasicStmnt CovItemId="S13" CovItemPrefix="Magazzino.java" Intrnl_Id="59">
<LocList>
<Loc EndOffset="614" SrcFileId="1" StartOffset="602"/>
</LocList>
</BasicStmnt>
</StmntSeq>
</Branch>
<Branch CovItemId="B10" CovItemPrefix="Magazzino.java" Implct="false" Intrnl_Id="60">
<Cond>
<Loc EndOffset="622" SrcFileId="1" StartOffset="618"/>
</Cond>
<LocList>
<Loc EndOffset="636" SrcFileId="1" StartOffset="623"/>
</LocList>
<StmntSeq Intrnl_Id="61">
<LocList>
<Loc EndOffset="636" SrcFileId="1" StartOffset="623"/>
</LocList>
<BasicStmnt CovItemId="S14" CovItemPrefix="Magazzino.java" Intrnl_Id="62">
<LocList>
<Loc EndOffset="636" SrcFileId="1" StartOffset="623"/>
</LocList>
</BasicStmnt>
</StmntSeq>
</Branch>
<Keyword EndOffset="570" SrcFileId="1" StartOffset="568"/>
<LocList>
<Loc EndOffset="636" SrcFileId="1" StartOffset="568"/>
</LocList>
<RootTerm CovItemId="C5" CovItemPrefix="Magazzino.java" Intrnl_Id="63">
<BasicBoolTerm Intrnl_Id="64">
<LocList>
<Loc EndOffset="600" SrcFileId="1" StartOffset="571"/>
</LocList>
</BasicBoolTerm>
</RootTerm>
</CondStmnt>
</StmntSeq>
</HierarchyLvl>
<HierarchyLvl HierarchyLvlId="16" HierarchyLvlTypeId="4" Intrnl_Id="65" Name="isFull">
<Header>
<Loc EndOffset="669" SrcFileId="1" StartOffset="646"/>
</Header>
<LocList>
<Loc EndOffset="777" SrcFileId="1" StartOffset="646"/>
</LocList>
<StmntSeq Intrnl_Id="66">
<LocList>
<Loc EndOffset="757" SrcFileId="1" StartOffset="675"/>
<Loc EndOffset="773" SrcFileId="1" StartOffset="761"/>
</LocList>
<LoopStmnt CovItemId="S15" CovItemPrefix="Magazzino.java" Intrnl_Id="67" MltplExecId="L1-2" MltplExecPrefix="Magazzino.java" NvrExecId="L1-0" NvrExecPrefix="Magazzino.java" OnceExecutedId="L1-1" OnceExecutedPrefix="Magazzino.java" OptBodyExec="true">
<StmntSeq Intrnl_Id="68">
<LocList>
<Loc EndOffset="752" SrcFileId="1" StartOffset="717"/>
</LocList>
<CondStmnt CovItemId="S16" CovItemPrefix="Magazzino.java" Intrnl_Id="69">
<Branch CovItemId="B11" CovItemPrefix="Magazzino.java" Implct="false" Intrnl_Id="70">
<Cond/>
<LocList>
<Loc EndOffset="752" SrcFileId="1" StartOffset="739"/>
</LocList>
<StmntSeq Intrnl_Id="71">
<LocList>
<Loc EndOffset="752" SrcFileId="1" StartOffset="739"/>
</LocList>
<BasicStmnt CovItemId="S17" CovItemPrefix="Magazzino.java" Intrnl_Id="72">
<LocList>
<Loc EndOffset="752" SrcFileId="1" StartOffset="739"/>
</LocList>
</BasicStmnt>
</StmntSeq>
</Branch>
<Branch CovItemId="B12" CovItemPrefix="Magazzino.java" Implct="true" Intrnl_Id="73">
<Cond/>
<LocList/>
<StmntSeq Intrnl_Id="74">
<LocList/>
</StmntSeq>
</Branch>
<Keyword EndOffset="719" SrcFileId="1" StartOffset="717"/>
<LocList>
<Loc EndOffset="752" SrcFileId="1" StartOffset="717"/>
</LocList>
<RootTerm CovItemId="C7" CovItemPrefix="Magazzino.java" Intrnl_Id="75">
<BasicBoolTerm Intrnl_Id="76">
<LocList>
<Loc EndOffset="737" SrcFileId="1" StartOffset="720"/>
</LocList>
</BasicBoolTerm>
</RootTerm>
</CondStmnt>
</StmntSeq>
<Keyword EndOffset="678" SrcFileId="1" StartOffset="675"/>
<LocList>
<Loc EndOffset="757" SrcFileId="1" StartOffset="675"/>
</LocList>
<RootTerm CovItemId="C6" CovItemPrefix="Magazzino.java" Intrnl_Id="77">
<BasicBoolTerm Intrnl_Id="78">
<LocList>
<Loc EndOffset="705" SrcFileId="1" StartOffset="688"/>
</LocList>
</BasicBoolTerm>
</RootTerm>
</LoopStmnt>
<BasicStmnt CovItemId="S18" CovItemPrefix="Magazzino.java" Intrnl_Id="79">
<LocList>
<Loc EndOffset="773" SrcFileId="1" StartOffset="761"/>
</LocList>
</BasicStmnt>
</StmntSeq>
</HierarchyLvl>
</HierarchyLvl>
</HierarchyLvl>
</MASTRoot>
</TestSessionContainer>
